--- /dev/fd/63	2022-07-24 04:20:08.615761300 +0000
+++ /dev/fd/62	2022-07-24 04:20:08.625761300 +0000
@@ -0,0 +1,3 @@
+あいうえお
+ka
+さしすせそ
\ No newline at end of file
--- /dev/fd/63	2022-07-24 04:20:13.655761300 +0000
+++ /dev/fd/62	2022-07-24 04:20:13.655761300 +0000
@@ -0,0 +1,3 @@
+あいうえお
+かきくけこ
+さしすせそ
\ No newline at end of file
--- /dev/fd/63	2022-07-24 04:20:49.945761300 +0000
+++ /dev/fd/62	2022-07-24 04:20:49.945761300 +0000
@@ -1,2 +1,4 @@
 あいうえお
-さしすせそ
\ No newline at end of file
+かきくけこ
+さしすせそ
+たちつてと
\ No newline at end of file
